This is pdfTeX, Version 3.141592653-2.6-1.40.26 (TeX Live 2025/dev/Debian) (preloaded format=pdflatex 2026.4.10)  22 MAY 2026 06:57
entering extended mode
 restricted \write18 enabled.
 %&-line parsing enabled.
**%Text automatically generated by txt2latex

*\documentclass[10pt,notitlepage]{article}
(/usr/share/texlive/texmf-dist/tex/latex/tools/.tex
LaTeX2e <2024-11-01> patch level 2
L3 programming layer <2025-01-18>
File ignored)
*\usepackage[utf8]{inputenc}
(/usr/share/texlive/texmf-dist/tex/latex/base/article.cls
Document Class: article 2024/06/29 v1.4n Standard LaTeX document class
(/usr/share/texlive/texmf-dist/tex/latex/base/size10.clo
File: size10.clo 2024/06/29 v1.4n Standard LaTeX file (size option)
)
\c@part=\count196
\c@section=\count197
\c@subsection=\count198
\c@subsubsection=\count199
\c@paragraph=\count266
\c@subparagraph=\count267
\c@figure=\count268
\c@table=\count269
\abovecaptionskip=\skip49
\belowcaptionskip=\skip50
\bibindent=\dimen141
)
*\usepackage[T1]{fontenc}
(/usr/share/texlive/texmf-dist/tex/latex/base/inputenc.sty
Package: inputenc 2024/02/08 v1.3d Input encoding file
\inpenc@prehook=\toks17
\inpenc@posthook=\toks18
)
*\title{codata(1)}
(/usr/share/texlive/texmf-dist/tex/latex/base/fontenc.sty
Package: fontenc 2021/04/29 v2.0v Standard LaTeX package
)
*\author{}

*\date{22 May 2026}

*\usepackage[margin=2cm]{geometry}

*\usepackage{titlesec}
(/usr/share/texlive/texmf-dist/tex/latex/geometry/geometry.sty
Package: geometry 2020/01/02 v5.9 Page Geometry

(/usr/share/texlive/texmf-dist/tex/latex/graphics/keyval.sty
Package: keyval 2022/05/29 v1.15 key=value parser (DPC)
\KV@toks@=\toks19
)
(/usr/share/texlive/texmf-dist/tex/generic/iftex/ifvtex.sty
Package: ifvtex 2019/10/25 v1.7 ifvtex legacy package. Use iftex instead.

(/usr/share/texlive/texmf-dist/tex/generic/iftex/iftex.sty
Package: iftex 2024/12/12 v1.0g TeX engine tests
))
\Gm@cnth=\count270
\Gm@cntv=\count271
\c@Gm@tempcnt=\count272
\Gm@bindingoffset=\dimen142
\Gm@wd@mp=\dimen143
\Gm@odd@mp=\dimen144
\Gm@even@mp=\dimen145
\Gm@layoutwidth=\dimen146
\Gm@layoutheight=\dimen147
\Gm@layouthoffset=\dimen148
\Gm@layoutvoffset=\dimen149
\Gm@dimlist=\toks20
)
*\usepackage{enumitem}
(/usr/share/texlive/texmf-dist/tex/latex/titlesec/titlesec.sty
Package: titlesec 2025/01/04 v2.17 Sectioning titles
\ttl@box=\box52
\beforetitleunit=\skip51
\aftertitleunit=\skip52
\ttl@plus=\dimen150
\ttl@minus=\dimen151
\ttl@toksa=\toks21
\titlewidth=\dimen152
\titlewidthlast=\dimen153
\titlewidthfirst=\dimen154
)
*\usepackage{times}
(/usr/share/texlive/texmf-dist/tex/latex/enumitem/enumitem.sty
Package: enumitem 2025/02/06 v3.11 Customized lists
\labelindent=\skip53
\enit@outerparindent=\dimen155
\enit@toks=\toks22
\enit@inbox=\box53
\enit@count@id=\count273
\enitdp@description=\count274
)
*\setlength{\parskip}{0.5\baselineskip}
(/usr/share/texlive/texmf-dist/tex/latex/psnfss/times.sty
Package: times 2020/03/25 PSNFSS-v9.3 (SPQR) 
)
*\setlength{\parindent}{0pt}

*\setlength{\leftskip}{3.5em}

*\titlespacing*{\section}{0pt}{\baselineskip}{-0.2\baselineskip}

*\setlist[itemize]{leftmargin=7em, labelsep=0.5em}

*\setlist[enumerate]{leftmargin=7em, labelsep=0.5em}

*\setlist[description]{labelindent=3.5em, leftmargin=7em, labelsep=1em, itemsep
=0em,}

*\begin{document}
LaTeX Font Info:    Trying to load font information for T1+ptm on input line 0.

(/usr/share/texlive/texmf-dist/tex/latex/psnfss/t1ptm.fd
File: t1ptm.fd 2001/06/04 font definitions for T1/ptm.
)
(/usr/share/texlive/texmf-dist/tex/latex/l3backend/l3backend-pdftex.def
File: l3backend-pdftex.def 2024-05-08 L3 backend support: PDF output (pdfTeX)
\l__color_backend_stack_int=\count275
\l__pdf_internal_box=\box54
)
(./codata.1.pdf.aux)
\openout1 = `codata.1.pdf.aux'.

LaTeX Font Info:    Checking defaults for OML/cmm/m/it on input line 0.
LaTeX Font Info:    ... okay on input line 0.
LaTeX Font Info:    Checking defaults for OMS/cmsy/m/n on input line 0.
LaTeX Font Info:    ... okay on input line 0.
LaTeX Font Info:    Checking defaults for OT1/cmr/m/n on input line 0.
LaTeX Font Info:    ... okay on input line 0.
LaTeX Font Info:    Checking defaults for T1/cmr/m/n on input line 0.
LaTeX Font Info:    ... okay on input line 0.
LaTeX Font Info:    Checking defaults for TS1/cmr/m/n on input line 0.
LaTeX Font Info:    ... okay on input line 0.
LaTeX Font Info:    Checking defaults for OMX/cmex/m/n on input line 0.
LaTeX Font Info:    ... okay on input line 0.
LaTeX Font Info:    Checking defaults for U/cmr/m/n on input line 0.
LaTeX Font Info:    ... okay on input line 0.

*geometry* driver: auto-detecting
*geometry* detected driver: pdftex
*geometry* verbose mode - [ preamble ] result:
* driver: pdftex
* paper: <default>
* layout: <same size as paper>
* layoutoffset:(h,v)=(0.0pt,0.0pt)
* modes: 
* h-part:(L,W,R)=(56.9055pt, 500.484pt, 56.9055pt)
* v-part:(T,H,B)=(56.9055pt, 681.15898pt, 56.9055pt)
* \paperwidth=614.295pt
* \paperheight=794.96999pt
* \textwidth=500.484pt
* \textheight=681.15898pt
* \oddsidemargin=-15.36449pt
* \evensidemargin=-15.36449pt
* \topmargin=-52.36449pt
* \headheight=12.0pt
* \headsep=25.0pt
* \topskip=10.0pt
* \footskip=30.0pt
* \marginparwidth=65.0pt
* \marginparsep=11.0pt
* \columnsep=10.0pt
* \skip\footins=9.0pt plus 4.0pt minus 2.0pt
* \hoffset=0.0pt
* \voffset=0.0pt
* \mag=1000
* \@twocolumnfalse
* \@twosidefalse
* \@mparswitchfalse
* \@reversemarginfalse
* (1in=72.27pt=25.4mm, 1cm=28.453pt)


*\maketitle
LaTeX Font Info:    External font `cmex10' loaded for size
(Font)              <12> on input line 0.
LaTeX Font Info:    External font `cmex10' loaded for size
(Font)              <8> on input line 0.
LaTeX Font Info:    External font `cmex10' loaded for size
(Font)              <6> on input line 0.

*
(Please type a command or say `\end')
*\section*{NAME}

*codata - Command line for codata

*
(Please type a command or say `\end')
*\section*{SYNOPSIS}

*{\ttfamily
LaTeX Font Info:    Trying to load font information for T1+pcr on input line 0.

(/usr/share/texlive/texmf-dist/tex/latex/psnfss/t1pcr.fd
File: t1pcr.fd 2001/06/04 font definitions for T1/pcr.
)
*codata [OPTIONS] [REGEX\_PATTERN ... ]

*
(Please type a command or say `\end')
*}

*\section*{DESCRIPTION}

*codata is a command line interface which prints all the codata

*constants.

*
(Please type a command or say `\end')
*The current values are from 2022.

*Older values can be retrieved if needed and

*the output can be filtered with REGEX PATTERNS.

*
(Please type a command or say `\end')
*
(Please type a command or say `\end')
*\section*{OPTIONS}

*\begin{description}

*\item[--year, -y YEAR] Year of the codata constants:

*                       2022, 2018, 2014, 2010

*\item[--pattern, -p PATTERN] Regex pattern for filtering the constants.

*\item[--value, -a] Show only the value.

*\item[--error, -e] Show only the uncertainty.

*\item[--usage] Show usage text and exit.

*\item[--help] Show help text and exit.

*\item[--verbose] Display additional information.

*\item[--version] Show version information and exit.

*\end{description}

*
(Please type a command or say `\end')
*\section*{NOTES}

*
(Please type a command or say `\end')
*You may replace the default options from a file if your first

*options begin with @file.

*Initial options will then be read from the "response file"

*"file.rsp" in the current directory.

*
(Please type a command or say `\end')
*If "file" does not exist or cannot be read, then an error occurs and

*the program stops. Each line of the file is prefixed with "options"

*and interpreted as a separate argument. The file itself may not

*contain @file arguments. That is, it is not processed recursively.

*
(Please type a command or say `\end')
*For more information on response files see

*https://urbanjost.github.io/M\_CLI2/set\_args.3m\_cli2.html

*
(Please type a command or say `\end')
*\section*{EXAMPLE}

*Minimal example

*
(Please type a command or say `\end')
*\begin{verbatim}

*     codata

*     codata -y 2018 molar electron

*     codata -y 2014 -p 'molar.*gas','electron.*eV'

*     codata '[B,b]oltzmann.*eV'

*
(Please type a command or say `\end')
*\end{verbatim}


[1

{/var/lib/texmf/fonts/map/pdftex/updmap/pdftex.map}{/usr/share/texlive/texmf-di
st/fonts/enc/dvips/base/8r.enc}]
*\section*{SEE ALSO}

*codata(3)

*
(Please type a command or say `\end')
*\end{document}


[2] (./codata.1.pdf.aux)
 ***********
LaTeX2e <2024-11-01> patch level 2
L3 programming layer <2025-01-18>
 ***********
 
Here is how much of TeX's memory you used:
 2043 strings out of 473197
 31796 string characters out of 5718605
 433232 words of memory out of 5000000
 25317 multiletter control sequences out of 15000+600000
 578373 words of font info for 59 fonts, out of 8000000 for 9000
 1141 hyphenation exceptions out of 8191
 56i,5n,65p,144b,281s stack positions out of 10000i,1000n,20000p,200000b,200000s
</usr/share/texlive/texmf-dist/fonts/type1/urw/courier/ucrr8a.pfb></usr/share/t
exlive/texmf-dist/fonts/type1/urw/times/utmb8a.pfb></usr/share/texlive/texmf-di
st/fonts/type1/urw/times/utmr8a.pfb>
Output written on codata.1.pdf.pdf (2 pages, 46623 bytes).
PDF statistics:
 27 PDF objects out of 1000 (max. 8388607)
 16 compressed objects within 1 object stream
 0 named destinations out of 1000 (max. 500000)
 1 words of extra memory for PDF output out of 10000 (max. 10000000)

